17:39:01 **** Build of configuration Debug for project control_ecu ****
make all 
Building file: ../CONTROL_ECU.c
Invoking: AVR Compiler
avr-gcc -Wall -g2 -gstabs -O0 -fpack-struct -fshort-enums -ffunction-sections -fdata-sections -std=gnu99 -funsigned-char -funsigned-bitfields -mmcu=atmega32 -DF_CPU=8000000UL -MMD -MP -MF"CONTROL_ECU.d" -MT"CONTROL_ECU.o" -c -o "CONTROL_ECU.o" "../CONTROL_ECU.c"
In file included from ../CONTROL_ECU.c:15:
c:/winavr-20100110/lib/gcc/../../avr/include/util/delay.h:90:3: warning: #warning "Compiler optimizations disabled; functions from <util/delay.h> won't work as designed"
Finished building: ../CONTROL_ECU.c
 
Building file: ../buzzer.c
Invoking: AVR Compiler
avr-gcc -Wall -g2 -gstabs -O0 -fpack-struct -fshort-enums -ffunction-sections -fdata-sections -std=gnu99 -funsigned-char -funsigned-bitfields -mmcu=atmega32 -DF_CPU=8000000UL -MMD -MP -MF"buzzer.d" -MT"buzzer.o" -c -o "buzzer.o" "../buzzer.c"
Finished building: ../buzzer.c
 
Building file: ../control_services.c
Invoking: AVR Compiler
avr-gcc -Wall -g2 -gstabs -O0 -fpack-struct -fshort-enums -ffunction-sections -fdata-sections -std=gnu99 -funsigned-char -funsigned-bitfields -mmcu=atmega32 -DF_CPU=8000000UL -MMD -MP -MF"control_services.d" -MT"control_services.o" -c -o "control_services.o" "../control_services.c"
In file included from ../control_services.c:13:
c:/winavr-20100110/lib/gcc/../../avr/include/util/delay.h:90:3: warning: #warning "Compiler optimizations disabled; functions from <util/delay.h> won't work as designed"
Finished building: ../control_services.c
 
Building file: ../dcmotor.c
Invoking: AVR Compiler
avr-gcc -Wall -g2 -gstabs -O0 -fpack-struct -fshort-enums -ffunction-sections -fdata-sections -std=gnu99 -funsigned-char -funsigned-bitfields -mmcu=atmega32 -DF_CPU=8000000UL -MMD -MP -MF"dcmotor.d" -MT"dcmotor.o" -c -o "dcmotor.o" "../dcmotor.c"
Finished building: ../dcmotor.c
 
Building file: ../external_eeprom.c
Invoking: AVR Compiler
avr-gcc -Wall -g2 -gstabs -O0 -fpack-struct -fshort-enums -ffunction-sections -fdata-sections -std=gnu99 -funsigned-char -funsigned-bitfields -mmcu=atmega32 -DF_CPU=8000000UL -MMD -MP -MF"external_eeprom.d" -MT"external_eeprom.o" -c -o "external_eeprom.o" "../external_eeprom.c"
Finished building: ../external_eeprom.c
 
Building file: ../gpio.c
Invoking: AVR Compiler
avr-gcc -Wall -g2 -gstabs -O0 -fpack-struct -fshort-enums -ffunction-sections -fdata-sections -std=gnu99 -funsigned-char -funsigned-bitfields -mmcu=atmega32 -DF_CPU=8000000UL -MMD -MP -MF"gpio.d" -MT"gpio.o" -c -o "gpio.o" "../gpio.c"
Finished building: ../gpio.c
 
Building file: ../pwm.c
Invoking: AVR Compiler
avr-gcc -Wall -g2 -gstabs -O0 -fpack-struct -fshort-enums -ffunction-sections -fdata-sections -std=gnu99 -funsigned-char -funsigned-bitfields -mmcu=atmega32 -DF_CPU=8000000UL -MMD -MP -MF"pwm.d" -MT"pwm.o" -c -o "pwm.o" "../pwm.c"
Finished building: ../pwm.c
 
Building file: ../timer1.c
Invoking: AVR Compiler
avr-gcc -Wall -g2 -gstabs -O0 -fpack-struct -fshort-enums -ffunction-sections -fdata-sections -std=gnu99 -funsigned-char -funsigned-bitfields -mmcu=atmega32 -DF_CPU=8000000UL -MMD -MP -MF"timer1.d" -MT"timer1.o" -c -o "timer1.o" "../timer1.c"
../timer1.c: In function 'Timer1_setCallBack':
../timer1.c:110: warning: function return types not compatible due to 'volatile'
Finished building: ../timer1.c
 
Building file: ../twi.c
Invoking: AVR Compiler
avr-gcc -Wall -g2 -gstabs -O0 -fpack-struct -fshort-enums -ffunction-sections -fdata-sections -std=gnu99 -funsigned-char -funsigned-bitfields -mmcu=atmega32 -DF_CPU=8000000UL -MMD -MP -MF"twi.d" -MT"twi.o" -c -o "twi.o" "../twi.c"
Finished building: ../twi.c
 
Building file: ../uart.c
Invoking: AVR Compiler
avr-gcc -Wall -g2 -gstabs -O0 -fpack-struct -fshort-enums -ffunction-sections -fdata-sections -std=gnu99 -funsigned-char -funsigned-bitfields -mmcu=atmega32 -DF_CPU=8000000UL -MMD -MP -MF"uart.d" -MT"uart.o" -c -o "uart.o" "../uart.c"
Finished building: ../uart.c
 
Building target: control_ecu.elf
Invoking: AVR C Linker
avr-gcc -Wl,-Map,control_ecu.map -mmcu=atmega32 -o "control_ecu.elf"  ./CONTROL_ECU.o ./buzzer.o ./control_services.o ./dcmotor.o ./external_eeprom.o ./gpio.o ./pwm.o ./timer1.o ./twi.o ./uart.o   
Finished building target: control_ecu.elf
 
Invoking: AVR Create Extended Listing
avr-objdump -h -S control_ecu.elf  >"control_ecu.lss"
Finished building: control_ecu.lss
 
Invoking: Print Size
avr-size --format=avr --mcu=atmega32 control_ecu.elf
AVR Memory Usage
----------------
Device: atmega32

Program:    8932 bytes (27.3% Full)
(.text + .data + .bootloader)

Data:         47 bytes (2.3% Full)
(.data + .bss + .noinit)


Finished building: sizedummy
 

17:39:03 Build Finished. 0 errors, 3 warnings. (took 1s.473ms)

