21:35:07 **** Incremental Build of configuration Debug for project hmi_ecu ****
make all 
Building file: ../HMI_Services.c
Invoking: AVR Compiler
avr-gcc -Wall -g2 -gstabs -O0 -fpack-struct -fshort-enums -ffunction-sections -fdata-sections -std=gnu99 -funsigned-char -funsigned-bitfields -mmcu=atmega32 -DF_CPU=8000000UL -MMD -MP -MF"HMI_Services.d" -MT"HMI_Services.o" -c -o "HMI_Services.o" "../HMI_Services.c"
In file included from ../HMI_Services.c:8:
c:/winavr-20100110/lib/gcc/../../avr/include/util/delay.h:90:3: warning: #warning "Compiler optimizations disabled; functions from <util/delay.h> won't work as designed"
Finished building: ../HMI_Services.c
 
Building target: hmi_ecu.elf
Invoking: AVR C Linker
avr-gcc -Wl,-Map,hmi_ecu.map -mmcu=atmega32 -o "hmi_ecu.elf"  ./HMI_ECU.o ./HMI_Services.o ./gpio.o ./keypad.o ./lcd.o ./timer1.o ./uart.o   
Finished building target: hmi_ecu.elf
 
Invoking: AVR Create Extended Listing
avr-objdump -h -S hmi_ecu.elf  >"hmi_ecu.lss"
Finished building: hmi_ecu.lss
 
Create Flash image (ihex format)
avr-objcopy -R .eeprom -R .fuse -R .lock -R .signature -O ihex hmi_ecu.elf  "hmi_ecu.hex"
Finished building: hmi_ecu.hex
 
Create eeprom image (ihex format)
avr-objcopy -j .eeprom --no-change-warnings --change-section-lma .eeprom=0 -O ihex hmi_ecu.elf  "hmi_ecu.eep"
Finished building: hmi_ecu.eep
 
Invoking: Print Size
avr-size --format=avr --mcu=atmega32 hmi_ecu.elf
AVR Memory Usage
----------------
Device: atmega32

Program:   16742 bytes (51.1% Full)
(.text + .data + .bootloader)

Data:        407 bytes (19.9% Full)
(.data + .bss + .noinit)


Finished building: sizedummy
 

21:35:08 Build Finished. 0 errors, 1 warnings. (took 876ms)

